  [1m[36mSQL (0.4ms)[0m  [1mSHOW TABLES[0m
  [1m[35mSQL (70.7ms)[0m  CREATE TABLE `schema_migrations` (`version` varchar(255) NOT NULL) ENGINE=InnoDB
  [1m[36mSQL (0.5ms)[0m  [1mSHOW KEYS FROM `schema_migrations`[0m
  [1m[35mSQL (248.8ms)[0m  CREATE UNIQUE INDEX `unique_schema_migrations` ON `schema_migrations` (`version`)
  [1m[36mSQL (0.5ms)[0m  [1mSHOW TABLES[0m
  [1m[35mSQL (0.4ms)[0m  SHOW TABLES
  [1m[36mSQL (0.1ms)[0m  [1mSELECT `schema_migrations`.`version` FROM `schema_migrations`[0m
Migrating to CreateAdminNotes (20110527185210)
  [1m[35mSQL (71.2ms)[0m  CREATE TABLE `admin_notes` (`id` int(11) DEFAULT NULL auto_increment PRIMARY KEY, `resource_id` int(11) NOT NULL, `resource_type` varchar(255) NOT NULL, `admin_user_id` int(11), `admin_user_type` varchar(255), `body` text, `created_at` datetime, `updated_at` datetime) ENGINE=InnoDB
  [1m[36mSQL (0.3ms)[0m  [1mSHOW KEYS FROM `admin_notes`[0m
  [1m[35mSQL (150.7ms)[0m  CREATE INDEX `index_admin_notes_on_resource_type_and_resource_id` ON `admin_notes` (`resource_type`, `resource_id`)
  [1m[36mSQL (0.4ms)[0m  [1mSHOW KEYS FROM `admin_notes`[0m
  [1m[35mSQL (102.9ms)[0m  CREATE INDEX `index_admin_notes_on_admin_user_type_and_admin_user_id` ON `admin_notes` (`admin_user_type`, `admin_user_id`)
  [1m[36mSQL (1.1ms)[0m  [1mdescribe `schema_migrations`[0m
  [1m[35mSQL (0.4ms)[0m  INSERT INTO `schema_migrations` (`version`) VALUES ('20110527185210')
Migrating to MoveAdminNotesToComments (20110527185211)
  [1m[36mSQL (0.3ms)[0m  [1mSHOW KEYS FROM `admin_notes`[0m
  [1m[35mSQL (142.3ms)[0m  DROP INDEX `index_admin_notes_on_admin_user_type_and_admin_user_id` ON `admin_notes`
  [1m[36mSQL (0.6ms)[0m  [1mRENAME TABLE `admin_notes` TO `active_admin_comments`[0m
  [1m[35mSQL (0.6ms)[0m  SHOW COLUMNS FROM `active_admin_comments` LIKE 'admin_user_type'
  [1m[36mSQL (134.2ms)[0m  [1mALTER TABLE `active_admin_comments` CHANGE `admin_user_type` `author_type` varchar(255) DEFAULT NULL[0m
  [1m[35mSQL (0.6ms)[0m  SHOW COLUMNS FROM `active_admin_comments` LIKE 'admin_user_id'
  [1m[36mSQL (89.6ms)[0m  [1mALTER TABLE `active_admin_comments` CHANGE `admin_user_id` `author_id` int(11) DEFAULT NULL[0m
  [1m[35mSQL (119.8ms)[0m  ALTER TABLE `active_admin_comments` ADD `namespace` varchar(255)
  [1m[36mSQL (0.4ms)[0m  [1mSHOW KEYS FROM `active_admin_comments`[0m
  [1m[35mSQL (121.5ms)[0m  CREATE INDEX `index_active_admin_comments_on_namespace` ON `active_admin_comments` (`namespace`)
  [1m[36mSQL (0.3ms)[0m  [1mSHOW KEYS FROM `active_admin_comments`[0m
  [1m[35mSQL (112.8ms)[0m  CREATE INDEX `index_active_admin_comments_on_author_type_and_author_id` ON `active_admin_comments` (`author_type`, `author_id`)
  [1m[36mSQL (0.3ms)[0m  [1mUPDATE active_admin_comments SET namespace='admin'[0m
  [1m[35mSQL (31.8ms)[0m  INSERT INTO `schema_migrations` (`version`) VALUES ('20110527185211')
Migrating to DeviseCreateAdminUsers (20110527225210)
  [1m[36mSQL (131.8ms)[0m  [1mCREATE TABLE `admin_users` (`id` int(11) DEFAULT NULL auto_increment PRIMARY KEY, `email` varchar(255) DEFAULT '' NOT NULL, `encrypted_password` varchar(128) DEFAULT '' NOT NULL, `reset_password_token` varchar(255), `reset_password_sent_at` datetime, `remember_created_at` datetime, `sign_in_count` int(11) DEFAULT 0, `current_sign_in_at` datetime, `last_sign_in_at` datetime, `current_sign_in_ip` varchar(255), `last_sign_in_ip` varchar(255), `created_at` datetime, `updated_at` datetime) ENGINE=InnoDB[0m
  [1m[35mSQL (0.2ms)[0m  BEGIN
  [1m[36mSQL (0.5ms)[0m  [1mSHOW TABLES[0m
  [1m[35mAdminUser Load (0.3ms)[0m  SELECT `admin_users`.`id` FROM `admin_users` WHERE (`admin_users`.`email` = BINARY 'admin@example.com') LIMIT 1
  [1m[36mSQL (1.0ms)[0m  [1mdescribe `admin_users`[0m
  [1m[35mSQL (0.2ms)[0m  INSERT INTO `admin_users` (`created_at`, `current_sign_in_at`, `current_sign_in_ip`, `email`, `encrypted_password`, `last_sign_in_at`, `last_sign_in_ip`, `remember_created_at`, `reset_password_sent_at`, `reset_password_token`, `sign_in_count`, `updated_at`) VALUES ('2011-05-27 22:52:52', NULL, NULL, 'admin@example.com', '$2a$10$IYiGQYuSDHRuD6oNWobIP.dijCjYQ8UvpB7WRtR7rSxTURZ8/DeQa', NULL, NULL, NULL, NULL, NULL, 0, '2011-05-27 22:52:52')
  [1m[36mSQL (10.7ms)[0m  [1mCOMMIT[0m
  [1m[35mSQL (0.2ms)[0m  SHOW KEYS FROM `admin_users`
  [1m[36mSQL (91.1ms)[0m  [1mCREATE UNIQUE INDEX `index_admin_users_on_email` ON `admin_users` (`email`)[0m
  [1m[35mSQL (0.3ms)[0m  SHOW KEYS FROM `admin_users`
  [1m[36mSQL (124.9ms)[0m  [1mCREATE UNIQUE INDEX `index_admin_users_on_reset_password_token` ON `admin_users` (`reset_password_token`)[0m
  [1m[35mSQL (0.4ms)[0m  INSERT INTO `schema_migrations` (`version`) VALUES ('20110527225210')
  [1m[36mSQL (0.4ms)[0m  [1mSHOW TABLES[0m
  [1m[35mSQL (0.1ms)[0m  SELECT `schema_migrations`.`version` FROM `schema_migrations`
  [1m[36mSQL (0.3ms)[0m  [1mSHOW TABLES[0m
  [1m[35mSQL (0.8ms)[0m  describe `active_admin_comments`
  [1m[36mSQL (0.2ms)[0m  [1mSHOW KEYS FROM `active_admin_comments`[0m
  [1m[35mSQL (0.8ms)[0m  describe `admin_users`
  [1m[36mSQL (0.1ms)[0m  [1mSHOW KEYS FROM `admin_users`[0m
